[2020-08-11T14:33:45.874] [DEBUG] cheese - login => username:aaa,password:123
[2020-08-11T14:33:45.876] [DEBUG] cheese - aaa
[2020-08-11T14:33:45.887] [DEBUG] cheese - null
[2020-08-11T14:33:45.887] [DEBUG] cheese - null
[2020-08-11T14:33:52.647] [DEBUG] cheese - login => username:admin,password:123
[2020-08-11T14:33:52.647] [DEBUG] cheese - admin
[2020-08-11T14:33:52.653] [DEBUG] cheese - null
[2020-08-11T14:33:52.654] [DEBUG] cheese - null
[2020-08-11T14:34:29.292] [DEBUG] cheese - login => username:admin,password:123456
[2020-08-11T14:34:29.292] [DEBUG] cheese - admin
[2020-08-11T14:34:29.295] [DEBUG] cheese - null
[2020-08-11T14:34:29.296] [DEBUG] cheese - null
[2020-08-13T23:22:59.544] [DEBUG] cheese - login => username:asdf,password:sdfsdf
[2020-08-13T23:22:59.547] [DEBUG] cheese - asdf
[2020-08-13T23:22:59.561] [DEBUG] cheese - null
[2020-08-13T23:22:59.562] [DEBUG] cheese - null
[2020-08-13T23:32:00.746] [DEBUG] cheese - login => username:sadf,password:sdfsdfdsf
[2020-08-13T23:32:00.746] [DEBUG] cheese - sadf
[2020-08-13T23:32:00.748] [DEBUG] cheese - null
[2020-08-13T23:32:00.748] [DEBUG] cheese - null
[2020-08-13T23:53:11.264] [DEBUG] cheese - login => username:sadf,password:sdfsadfsdf
[2020-08-13T23:53:11.265] [DEBUG] cheese - sadf
[2020-08-13T23:53:11.268] [DEBUG] cheese - null
[2020-08-13T23:53:11.269] [DEBUG] cheese - null
[2020-08-13T23:53:16.662] [DEBUG] cheese - login => username:admin,password:123456
[2020-08-13T23:53:16.662] [DEBUG] cheese - admin
[2020-08-13T23:53:16.667] [DEBUG] cheese - null
[2020-08-13T23:53:16.668] [DEBUG] cheese - null
[2020-08-13T23:59:10.210] [DEBUG] cheese - login => username:sdaf,password:sdfsdfds
[2020-08-13T23:59:10.210] [DEBUG] cheese - sdaf
[2020-08-13T23:59:10.211] [DEBUG] cheese - null
[2020-08-13T23:59:10.211] [DEBUG] cheese - null
[2020-08-13T23:59:16.881] [DEBUG] cheese - login => username:admin,password:123456
[2020-08-13T23:59:16.881] [DEBUG] cheese - admin
[2020-08-13T23:59:16.883] [DEBUG] cheese - null
[2020-08-13T23:59:16.883] [DEBUG] cheese - null
[2020-08-14T00:08:18.799] [DEBUG] cheese - login => username:admin,password:123456
[2020-08-14T00:08:18.800] [DEBUG] cheese - admin
[2020-08-14T00:08:18.801] [DEBUG] cheese - null
[2020-08-14T00:08:18.802] [DEBUG] cheese - null
[2020-08-14T00:09:23.579] [DEBUG] cheese - login => username:admin,password:123456
[2020-08-14T00:09:23.579] [DEBUG] cheese - admin
[2020-08-14T00:09:23.581] [DEBUG] cheese - null
[2020-08-14T00:09:23.581] [DEBUG] cheese - null
[2020-08-14T00:45:31.502] [DEBUG] cheese - login => username:admin,password:123456
[2020-08-14T00:45:31.503] [DEBUG] cheese - admin
[2020-08-14T00:45:31.504] [DEBUG] cheese - null
[2020-08-14T00:45:31.504] [DEBUG] cheese - null
[2020-08-14T01:00:35.958] [DEBUG] cheese - login => username:admin,password:123456
[2020-08-14T01:00:35.959] [DEBUG] cheese - admin
[2020-08-14T01:00:35.964] [DEBUG] cheese - null
[2020-08-14T01:00:35.964] [DEBUG] cheese - null
[2020-08-14T13:50:32.806] [DEBUG] cheese - login => username:admin,password:123456
[2020-08-14T13:50:32.807] [DEBUG] cheese - admin
[2020-08-14T13:50:32.815] [DEBUG] cheese - null
[2020-08-14T13:50:32.816] [DEBUG] cheese - null
[2020-08-14T14:28:52.985] [DEBUG] cheese - login => username:admin,password:123456
[2020-08-14T14:28:52.985] [DEBUG] cheese - admin
[2020-08-14T14:28:52.987] [DEBUG] cheese - null
[2020-08-14T14:28:52.987] [DEBUG] cheese - null
[2020-08-14T14:29:01.379] [DEBUG] cheese - login => username:admin,password:123456
[2020-08-14T14:29:01.380] [DEBUG] cheese - admin
[2020-08-14T14:29:01.381] [DEBUG] cheese - null
[2020-08-14T14:29:01.381] [DEBUG] cheese - null
[2020-08-15T00:49:57.334] [DEBUG] cheese - login => username:admin,password:123456
[2020-08-15T00:49:57.336] [DEBUG] cheese - admin
[2020-08-15T00:49:57.349] [DEBUG] cheese - null
[2020-08-15T00:49:57.349] [DEBUG] cheese - null
[2020-08-15T00:50:22.233] [DEBUG] cheese - login => username:admin,password:123456
[2020-08-15T00:50:22.233] [DEBUG] cheese - admin
[2020-08-15T00:50:22.237] [DEBUG] cheese - null
[2020-08-15T00:50:22.237] [DEBUG] cheese - null
[2020-08-15T00:57:19.936] [DEBUG] cheese - login => username:admin,password:123456
[2020-08-15T00:57:19.936] [DEBUG] cheese - admin
[2020-08-15T00:57:19.939] [DEBUG] cheese - null
[2020-08-15T00:57:19.939] [DEBUG] cheese - null
[2020-08-17T10:41:09.857] [DEBUG] cheese - login => username:admin,password:123456
[2020-08-17T10:41:09.859] [DEBUG] cheese - admin
[2020-08-17T10:41:09.896] [DEBUG] cheese - null
[2020-08-17T10:41:09.896] [DEBUG] cheese - null
[2020-08-17T15:12:35.735] [DEBUG] cheese - login => username:admin,password:123456
[2020-08-17T15:12:35.735] [DEBUG] cheese - admin
[2020-08-17T15:12:35.739] [DEBUG] cheese - null
[2020-08-17T15:12:35.739] [DEBUG] cheese - null
[2020-08-17T15:13:47.223] [DEBUG] cheese - login => username:admin,password:123456
[2020-08-17T15:13:47.223] [DEBUG] cheese - admin
[2020-08-17T15:13:47.226] [DEBUG] cheese - null
[2020-08-17T15:13:47.226] [DEBUG] cheese - null
[2020-08-17T16:35:44.530] [DEBUG] cheese - login => username:admin,password:123456
[2020-08-17T16:35:44.530] [DEBUG] cheese - admin
[2020-08-17T16:35:44.535] [DEBUG] cheese - null
[2020-08-17T16:35:44.535] [DEBUG] cheese - null
[2020-08-17T16:38:28.858] [DEBUG] cheese - login => username:admin,password:123456
[2020-08-17T16:38:28.858] [DEBUG] cheese - admin
[2020-08-17T16:38:28.859] [DEBUG] cheese - null
[2020-08-17T16:38:28.860] [DEBUG] cheese - null
[2020-08-18T16:43:56.685] [DEBUG] cheese - login => username:admin,password:123456
[2020-08-18T16:43:56.687] [DEBUG] cheese - admin
[2020-08-18T16:43:56.696] [DEBUG] cheese - null
[2020-08-18T16:43:56.697] [DEBUG] cheese - null
[2020-08-19T21:58:40.539] [DEBUG] cheese - login => username:admin,password:123456
[2020-08-19T21:58:40.545] [DEBUG] cheese - admin
[2020-08-19T21:58:40.557] [DEBUG] cheese - null
[2020-08-19T21:58:40.558] [DEBUG] cheese - null
[2020-08-19T22:51:36.895] [DEBUG] cheese - login => username:admin,password:123456
[2020-08-19T22:51:36.895] [DEBUG] cheese - admin
[2020-08-19T22:51:36.899] [DEBUG] cheese - null
[2020-08-19T22:51:36.899] [DEBUG] cheese - null
[2020-08-19T23:25:38.487] [DEBUG] cheese - login => username:admin,password:123456
[2020-08-19T23:25:38.488] [DEBUG] cheese - admin
[2020-08-19T23:25:38.490] [DEBUG] cheese - null
[2020-08-19T23:25:38.490] [DEBUG] cheese - null
[2020-08-20T14:23:23.456] [DEBUG] cheese - login => username:admin,password:123456
[2020-08-20T14:23:23.457] [DEBUG] cheese - admin
[2020-08-20T14:23:23.460] [DEBUG] cheese - null
[2020-08-20T14:23:23.460] [DEBUG] cheese - null
[2020-08-20T16:27:58.974] [DEBUG] cheese - login => username:admin,password:123456
[2020-08-20T16:27:58.974] [DEBUG] cheese - admin
[2020-08-20T16:27:58.980] [DEBUG] cheese - null
[2020-08-20T16:27:58.980] [DEBUG] cheese - null
[2020-08-20T16:28:08.236] [DEBUG] cheese - login => username:admin,password:123456
[2020-08-20T16:28:08.236] [DEBUG] cheese - admin
[2020-08-20T16:28:08.240] [DEBUG] cheese - null
[2020-08-20T16:28:08.241] [DEBUG] cheese - null
[2020-08-20T16:42:21.758] [DEBUG] cheese - login => username:admin,password:123456
[2020-08-20T16:42:21.759] [DEBUG] cheese - admin
[2020-08-20T16:42:21.765] [DEBUG] cheese - null
[2020-08-20T16:42:21.765] [DEBUG] cheese - null
[2020-08-20T16:47:38.424] [DEBUG] cheese - login => username:admin,password:123456
[2020-08-20T16:47:38.425] [DEBUG] cheese - admin
[2020-08-20T16:47:38.432] [DEBUG] cheese - null
[2020-08-20T16:47:38.432] [DEBUG] cheese - null
[2020-08-20T16:47:43.333] [DEBUG] cheese - login => username:admin,password:123456
[2020-08-20T16:47:43.333] [DEBUG] cheese - admin
[2020-08-20T16:47:43.334] [DEBUG] cheese - null
[2020-08-20T16:47:43.334] [DEBUG] cheese - null
[2020-08-20T16:48:00.415] [DEBUG] cheese - login => username:admin,password:123456
[2020-08-20T16:48:00.415] [DEBUG] cheese - admin
[2020-08-20T16:48:00.417] [DEBUG] cheese - null
[2020-08-20T16:48:00.417] [DEBUG] cheese - null
[2020-08-20T16:49:43.617] [DEBUG] cheese - login => username:admin,password:123456
[2020-08-20T16:49:43.617] [DEBUG] cheese - admin
[2020-08-20T16:49:43.620] [DEBUG] cheese - null
[2020-08-20T16:49:43.620] [DEBUG] cheese - null
[2020-08-20T22:36:44.766] [DEBUG] cheese - login => username:admin,password:123456
[2020-08-20T22:36:44.767] [DEBUG] cheese - admin
[2020-08-20T22:36:44.780] [DEBUG] cheese - null
[2020-08-20T22:36:44.780] [DEBUG] cheese - null
[2020-08-20T22:36:52.691] [DEBUG] cheese - login => username:admin,password:123456
[2020-08-20T22:36:52.691] [DEBUG] cheese - admin
[2020-08-20T22:36:52.693] [DEBUG] cheese - null
[2020-08-20T22:36:52.694] [DEBUG] cheese - null
[2020-08-20T23:31:48.542] [DEBUG] cheese - login => username:admin,password:123456
[2020-08-20T23:31:48.543] [DEBUG] cheese - admin
[2020-08-20T23:31:48.555] [DEBUG] cheese - null
[2020-08-20T23:31:48.555] [DEBUG] cheese - null
[2020-08-20T23:40:17.448] [DEBUG] cheese - login => username:admin,password:123456
[2020-08-20T23:40:17.449] [DEBUG] cheese - admin
[2020-08-20T23:40:17.452] [DEBUG] cheese - null
[2020-08-20T23:40:17.453] [DEBUG] cheese - null
[2020-08-21T00:08:56.464] [DEBUG] cheese - login => username:admin,password:123456
[2020-08-21T00:08:56.468] [DEBUG] cheese - admin
[2020-08-21T00:08:56.475] [DEBUG] cheese - null
[2020-08-21T00:08:56.476] [DEBUG] cheese - null
[2020-08-21T00:35:44.197] [DEBUG] cheese - login => username:admin,password:123456
[2020-08-21T00:35:44.198] [DEBUG] cheese - admin
[2020-08-21T00:35:44.204] [DEBUG] cheese - null
[2020-08-21T00:35:44.204] [DEBUG] cheese - null
[2020-08-21T00:40:15.657] [DEBUG] cheese - login => username:admin,password:123456
[2020-08-21T00:40:15.658] [DEBUG] cheese - admin
[2020-08-21T00:40:15.660] [DEBUG] cheese - null
[2020-08-21T00:40:15.660] [DEBUG] cheese - null
[2020-08-21T00:43:01.346] [DEBUG] cheese - login => username:admin,password:123456
[2020-08-21T00:43:01.346] [DEBUG] cheese - admin
[2020-08-21T00:43:01.348] [DEBUG] cheese - null
[2020-08-21T00:43:01.348] [DEBUG] cheese - null
[2020-08-21T00:44:37.980] [DEBUG] cheese - login => username:admin,password:123456
[2020-08-21T00:44:37.981] [DEBUG] cheese - admin
[2020-08-21T00:44:37.986] [DEBUG] cheese - null
[2020-08-21T00:44:37.986] [DEBUG] cheese - null
[2020-08-21T10:40:29.622] [DEBUG] cheese - login => username:admin,password:123456
[2020-08-21T10:40:29.623] [DEBUG] cheese - admin
[2020-08-21T10:40:29.668] [DEBUG] cheese - null
[2020-08-21T10:40:29.668] [DEBUG] cheese - null
[2020-08-21T10:42:17.245] [DEBUG] cheese - login => username:admin,password:123456
[2020-08-21T10:42:17.245] [DEBUG] cheese - admin
[2020-08-21T10:42:17.248] [DEBUG] cheese - null
[2020-08-21T10:42:17.248] [DEBUG] cheese - null
[2020-08-21T10:52:39.554] [DEBUG] cheese - login => username:admin,password:123456
[2020-08-21T10:52:39.555] [DEBUG] cheese - admin
[2020-08-21T10:52:39.562] [DEBUG] cheese - null
[2020-08-21T10:52:39.562] [DEBUG] cheese - null
[2020-08-21T14:49:03.130] [DEBUG] cheese - login => username:admin,password:123456
[2020-08-21T14:49:03.130] [DEBUG] cheese - admin
[2020-08-21T14:49:03.135] [DEBUG] cheese - null
[2020-08-21T14:49:03.135] [DEBUG] cheese - null
[2020-08-21T14:54:19.873] [DEBUG] cheese - login => username:admin,password:123456
[2020-08-21T14:54:19.875] [DEBUG] cheese - admin
[2020-08-21T14:54:19.880] [DEBUG] cheese - null
[2020-08-21T14:54:19.880] [DEBUG] cheese - null
[2020-08-21T16:47:48.301] [DEBUG] cheese - login => username:admin,password:123456
[2020-08-21T16:47:48.302] [DEBUG] cheese - admin
[2020-08-21T16:47:48.305] [DEBUG] cheese - null
[2020-08-21T16:47:48.305] [DEBUG] cheese - null
[2020-08-22T09:49:45.541] [DEBUG] cheese - null
[2020-08-22T09:55:43.532] [DEBUG] cheese - null
[2020-08-22T09:56:02.226] [DEBUG] cheese - null
[2020-08-22T09:56:55.031] [DEBUG] cheese - null
[2020-08-22T09:57:02.461] [DEBUG] cheese - null
[2020-08-22T09:57:35.934] [DEBUG] cheese - null
[2020-08-22T22:26:35.877] [DEBUG] cheese - login => username:admin,password:123456
[2020-08-22T22:26:35.878] [DEBUG] cheese - admin
[2020-08-22T22:26:35.903] [DEBUG] cheese - null
[2020-08-22T22:26:35.903] [DEBUG] cheese - null
[2020-08-22T22:26:51.854] [DEBUG] cheese - null
[2020-08-22T22:29:16.776] [DEBUG] cheese - null
[2020-08-22T22:40:39.473] [DEBUG] cheese - login => username:admin,password:123456
[2020-08-22T22:40:39.473] [DEBUG] cheese - admin
[2020-08-22T22:40:39.475] [DEBUG] cheese - null
[2020-08-22T22:40:39.475] [DEBUG] cheese - null
[2020-08-22T22:40:51.555] [DEBUG] cheese - null
[2020-08-22T22:46:35.328] [DEBUG] cheese - null
[2020-08-22T22:48:00.245] [DEBUG] cheese - null
[2020-08-22T22:53:53.292] [DEBUG] cheese - null
[2020-08-22T22:53:57.962] [DEBUG] cheese - null
[2020-08-22T22:54:17.053] [DEBUG] cheese - login => username:admin,password:123456
[2020-08-22T22:54:17.053] [DEBUG] cheese - admin
[2020-08-22T22:54:17.055] [DEBUG] cheese - null
[2020-08-22T22:54:17.055] [DEBUG] cheese - null
[2020-08-22T22:56:43.079] [DEBUG] cheese - null
[2020-08-22T22:57:00.976] [DEBUG] cheese - null
[2020-08-24T10:30:29.239] [DEBUG] cheese - login => username:admin,password:123456
[2020-08-24T10:30:29.244] [DEBUG] cheese - admin
[2020-08-24T10:30:29.251] [DEBUG] cheese - null
[2020-08-24T10:30:29.251] [DEBUG] cheese - null
[2020-08-24T17:26:08.787] [DEBUG] cheese - login => username:admin,password:123456
[2020-08-24T17:26:08.788] [DEBUG] cheese - admin
[2020-08-24T17:26:08.797] [DEBUG] cheese - null
[2020-08-24T17:26:08.798] [DEBUG] cheese - null
[2020-08-25T10:53:15.334] [DEBUG] cheese - login => username:admin,password:123456
[2020-08-25T10:53:15.335] [DEBUG] cheese - admin
[2020-08-25T10:53:15.337] [DEBUG] cheese - null
[2020-08-25T10:53:15.337] [DEBUG] cheese - null
[2020-08-26T08:49:48.669] [DEBUG] cheese - login => username:admin,password:123456
[2020-08-26T08:49:48.672] [DEBUG] cheese - admin
[2020-08-26T08:49:48.679] [DEBUG] cheese - null
[2020-08-26T08:49:48.680] [DEBUG] cheese - null
[2020-08-26T15:12:30.577] [DEBUG] cheese - login => username:admin,password:123456
[2020-08-26T15:12:30.579] [DEBUG] cheese - admin
[2020-08-26T15:12:30.581] [DEBUG] cheese - null
[2020-08-26T15:12:30.582] [DEBUG] cheese - null
[2020-08-26T16:26:26.683] [DEBUG] cheese - login => username:admin,password:123456
[2020-08-26T16:26:26.684] [DEBUG] cheese - admin
[2020-08-26T16:26:26.694] [DEBUG] cheese - null
[2020-08-26T16:26:26.695] [DEBUG] cheese - null
[2020-08-27T09:27:29.569] [DEBUG] cheese - login => username:admin,password:123456
[2020-08-27T09:27:29.572] [DEBUG] cheese - admin
[2020-08-27T09:27:29.582] [DEBUG] cheese - null
[2020-08-27T09:27:29.583] [DEBUG] cheese - null
[2020-08-27T14:11:45.482] [DEBUG] cheese - null
[2020-08-27T16:40:26.916] [DEBUG] cheese - null
[2020-08-27T16:43:40.837] [DEBUG] cheese - null
[2020-08-27T17:07:08.793] [DEBUG] cheese - login => username:admin,password:123456
[2020-08-27T17:07:08.794] [DEBUG] cheese - admin
[2020-08-27T17:07:08.804] [DEBUG] cheese - null
[2020-08-27T17:07:08.804] [DEBUG] cheese - null
[2020-08-28T08:25:07.001] [DEBUG] cheese - login => username:admin,password:123456
[2020-08-28T08:25:07.005] [DEBUG] cheese - admin
[2020-08-28T08:25:07.015] [DEBUG] cheese - null
[2020-08-28T08:25:07.015] [DEBUG] cheese - null
[2020-08-28T08:30:31.170] [DEBUG] cheese - login => username:admin,password:123456
[2020-08-28T08:30:31.170] [DEBUG] cheese - admin
[2020-08-28T08:30:31.181] [DEBUG] cheese - null
[2020-08-28T08:30:31.182] [DEBUG] cheese - null
[2020-08-28T08:32:00.199] [DEBUG] cheese - login => username:admin,password:123456
[2020-08-28T08:32:00.202] [DEBUG] cheese - admin
[2020-08-28T08:32:00.204] [DEBUG] cheese - null
[2020-08-28T08:32:00.205] [DEBUG] cheese - null
[2020-08-28T14:57:30.759] [DEBUG] cheese - login => username:aaa,password:123456
[2020-08-28T14:57:30.759] [DEBUG] cheese - aaa
[2020-08-28T14:57:30.761] [DEBUG] cheese - null
[2020-08-28T14:57:30.761] [DEBUG] cheese - null
[2020-08-28T14:57:39.063] [DEBUG] cheese - login => username:aaa,password:123456
[2020-08-28T14:57:39.063] [DEBUG] cheese - aaa
[2020-08-28T14:57:39.065] [DEBUG] cheese - null
[2020-08-28T14:57:39.065] [DEBUG] cheese - null
[2020-08-28T14:57:46.323] [DEBUG] cheese - login => username:admin,password:123456
[2020-08-28T14:57:46.323] [DEBUG] cheese - admin
[2020-08-28T14:57:46.324] [DEBUG] cheese - null
[2020-08-28T14:57:46.325] [DEBUG] cheese - null
[2020-08-28T14:58:03.075] [DEBUG] cheese - login => username:aaa,password:123456
[2020-08-28T14:58:03.075] [DEBUG] cheese - aaa
[2020-08-28T14:58:03.076] [DEBUG] cheese - null
[2020-08-28T14:58:03.076] [DEBUG] cheese - null
[2020-08-28T14:58:11.114] [DEBUG] cheese - login => username:aaa,password:123456
[2020-08-28T14:58:11.114] [DEBUG] cheese - aaa
[2020-08-28T14:58:11.116] [DEBUG] cheese - null
[2020-08-28T14:58:11.116] [DEBUG] cheese - null
[2020-08-28T14:58:29.391] [DEBUG] cheese - login => username:admin,password:123456
[2020-08-28T14:58:29.391] [DEBUG] cheese - admin
[2020-08-28T14:58:29.394] [DEBUG] cheese - null
[2020-08-28T14:58:29.394] [DEBUG] cheese - null
[2020-08-28T15:04:13.079] [DEBUG] cheese - login => username:admin,password:123456
[2020-08-28T15:04:13.081] [DEBUG] cheese - admin
[2020-08-28T15:04:13.083] [DEBUG] cheese - null
[2020-08-28T15:04:13.083] [DEBUG] cheese - null
[2020-08-29T15:05:11.138] [DEBUG] cheese - login => username:admin,password:123456
[2020-08-29T15:05:11.145] [DEBUG] cheese - admin
[2020-08-29T15:05:11.192] [DEBUG] cheese - null
[2020-08-29T15:05:11.194] [DEBUG] cheese - null
[2020-08-29T15:07:04.303] [DEBUG] cheese - null
[2020-08-29T15:07:08.152] [DEBUG] cheese - null
[2020-08-31T17:27:19.008] [DEBUG] cheese - login => username:admin,password:123456
[2020-08-31T17:27:19.014] [DEBUG] cheese - admin
[2020-08-31T17:27:19.070] [DEBUG] cheese - null
[2020-08-31T17:27:19.071] [DEBUG] cheese - null
[2020-08-31T18:41:12.371] [DEBUG] cheese - login => username:admin,password:123456
[2020-08-31T18:41:12.372] [DEBUG] cheese - admin
[2020-08-31T18:41:12.380] [DEBUG] cheese - null
[2020-08-31T18:41:12.380] [DEBUG] cheese - null
[2020-08-31T23:46:05.656] [DEBUG] cheese - login => username:admin,password:123456
[2020-08-31T23:46:05.658] [DEBUG] cheese - admin
[2020-08-31T23:46:05.666] [DEBUG] cheese - null
[2020-08-31T23:46:05.666] [DEBUG] cheese - null
[2020-09-01T00:01:26.235] [DEBUG] cheese - null
[2020-09-01T00:01:42.928] [DEBUG] cheese - null
[2020-09-05T20:57:42.354] [DEBUG] cheese - login => username:admin,password:123456
[2020-09-05T20:57:42.356] [DEBUG] cheese - admin
[2020-09-05T20:57:42.390] [DEBUG] cheese - null
[2020-09-05T20:57:42.390] [DEBUG] cheese - null
[2020-09-05T20:58:27.003] [DEBUG] cheese - login => username:admin,password:123456
[2020-09-05T20:58:27.003] [DEBUG] cheese - admin
[2020-09-05T20:58:27.005] [DEBUG] cheese - null
[2020-09-05T20:58:27.005] [DEBUG] cheese - null
[2020-09-05T21:15:09.072] [DEBUG] cheese - login => username:admin,password:123456
[2020-09-05T21:15:09.072] [DEBUG] cheese - admin
[2020-09-05T21:15:09.075] [DEBUG] cheese - null
[2020-09-05T21:15:09.075] [DEBUG] cheese - null
[2020-09-06T21:58:34.594] [DEBUG] cheese - login => username:admin,password:123456
[2020-09-06T21:58:34.595] [DEBUG] cheese - admin
[2020-09-06T21:58:34.641] [DEBUG] cheese - null
[2020-09-06T21:58:34.641] [DEBUG] cheese - null
[2020-09-09T23:04:18.071] [DEBUG] cheese - login => username:admin,password:123456
[2020-09-09T23:04:18.073] [DEBUG] cheese - admin
[2020-09-09T23:04:18.091] [DEBUG] cheese - null
[2020-09-09T23:04:18.092] [DEBUG] cheese - null
[2020-09-10T22:21:22.228] [DEBUG] cheese - login => username:admin,password:123456
[2020-09-10T22:21:22.230] [DEBUG] cheese - admin
[2020-09-10T22:21:22.242] [DEBUG] cheese - null
[2020-09-10T22:21:22.242] [DEBUG] cheese - null
[2020-09-11T23:30:14.674] [DEBUG] cheese - login => username:admin,password:123456
[2020-09-11T23:30:14.677] [DEBUG] cheese - admin
[2020-09-11T23:30:14.685] [DEBUG] cheese - null
[2020-09-11T23:30:14.686] [DEBUG] cheese - null
[2020-09-11T23:56:21.468] [DEBUG] cheese - login => username:admin,password:123456
[2020-09-11T23:56:21.469] [DEBUG] cheese - admin
[2020-09-11T23:56:21.477] [DEBUG] cheese - null
[2020-09-11T23:56:21.477] [DEBUG] cheese - null
[2020-10-13T14:25:43.907] [DEBUG] cheese - login => username:admin,password:123456
[2020-10-13T14:25:43.910] [DEBUG] cheese - admin
[2020-10-13T14:25:43.975] [DEBUG] cheese - null
[2020-10-13T14:25:43.975] [DEBUG] cheese - null
[2020-10-14T14:36:50.009] [DEBUG] cheese - login => username:admin,password:123456
[2020-10-14T14:36:50.011] [DEBUG] cheese - admin
[2020-10-14T14:36:50.033] [DEBUG] cheese - null
[2020-10-14T14:36:50.033] [DEBUG] cheese - null
[2020-10-14T15:37:36.071] [DEBUG] cheese - login => username:admin,password:123456
[2020-10-14T15:37:36.072] [DEBUG] cheese - admin
[2020-10-14T15:37:36.079] [DEBUG] cheese - null
[2020-10-14T15:37:36.080] [DEBUG] cheese - null
[2020-10-15T11:43:58.254] [DEBUG] cheese - login => username:admin,password:123456
[2020-10-15T11:43:58.256] [DEBUG] cheese - admin
[2020-10-15T11:43:58.287] [DEBUG] cheese - null
[2020-10-15T11:43:58.287] [DEBUG] cheese - null
[2020-10-15T11:52:25.746] [DEBUG] cheese - login => username:admin,password:123456
[2020-10-15T11:52:25.748] [DEBUG] cheese - admin
[2020-10-15T11:53:07.738] [DEBUG] cheese - login => username:admin,password:123456
[2020-10-15T11:53:07.739] [DEBUG] cheese - admin
[2020-10-15T11:53:07.746] [DEBUG] cheese - null
[2020-10-15T11:53:07.746] [DEBUG] cheese - null
[2020-10-16T11:34:45.768] [DEBUG] cheese - login => username:admin,password:123456
[2020-10-16T11:34:45.771] [DEBUG] cheese - admin
[2020-10-16T11:34:45.793] [DEBUG] cheese - null
[2020-10-16T11:34:45.794] [DEBUG] cheese - null
[2020-10-16T13:41:48.379] [DEBUG] cheese - login => username:admin,password:123456
[2020-10-16T13:41:48.380] [DEBUG] cheese - admin
[2020-10-16T13:41:48.389] [DEBUG] cheese - null
[2020-10-16T13:41:48.389] [DEBUG] cheese - null
[2020-10-16T14:12:34.592] [DEBUG] cheese - login => username:admin,password:123456
[2020-10-16T14:12:34.593] [DEBUG] cheese - admin
[2020-10-16T14:12:34.600] [DEBUG] cheese - null
[2020-10-16T14:12:34.600] [DEBUG] cheese - null
[2020-11-16T10:23:40.248] [DEBUG] cheese - login => username:admin,password:123456
[2020-11-16T10:23:40.250] [DEBUG] cheese - admin
[2020-11-16T10:23:40.302] [DEBUG] cheese - null
[2020-11-16T10:23:40.303] [DEBUG] cheese - null
[2020-11-16T23:35:58.040] [DEBUG] cheese - login => username:admin,password:123456
[2020-11-16T23:35:58.041] [DEBUG] cheese - admin
[2020-11-16T23:35:58.045] [DEBUG] cheese - null
[2020-11-16T23:35:58.045] [DEBUG] cheese - null
[2020-11-16T23:36:38.864] [DEBUG] cheese - login => username:assdaf,password:sdfsdf
[2020-11-16T23:36:38.865] [DEBUG] cheese - assdaf
[2020-11-16T23:36:38.866] [DEBUG] cheese - null
[2020-11-16T23:36:38.866] [DEBUG] cheese - null
[2020-11-16T23:36:48.851] [DEBUG] cheese - login => username:assdafsdf,password:sdfsdfdsf
[2020-11-16T23:36:48.851] [DEBUG] cheese - assdafsdf
[2020-11-16T23:36:48.854] [DEBUG] cheese - null
[2020-11-16T23:36:48.854] [DEBUG] cheese - null
[2020-11-16T23:38:30.808] [DEBUG] cheese - login => username:assdafsdf,password:sdfsdfdsf
[2020-11-16T23:38:30.809] [DEBUG] cheese - assdafsdf
[2020-11-16T23:38:30.810] [DEBUG] cheese - null
[2020-11-16T23:38:30.810] [DEBUG] cheese - null
[2020-11-16T23:41:38.988] [DEBUG] cheese - login => username:admin,password:123456
[2020-11-16T23:41:38.988] [DEBUG] cheese - admin
[2020-11-16T23:41:38.990] [DEBUG] cheese - null
[2020-11-16T23:41:38.990] [DEBUG] cheese - null
[2020-11-16T23:57:07.469] [DEBUG] cheese - login => username:admin,password:123456
[2020-11-16T23:57:07.470] [DEBUG] cheese - admin
[2020-11-16T23:57:07.473] [DEBUG] cheese - null
[2020-11-16T23:57:07.473] [DEBUG] cheese - null
[2020-11-17T00:02:44.410] [DEBUG] cheese - login => username:admin,password:123456
[2020-11-17T00:02:44.410] [DEBUG] cheese - admin
[2020-11-17T00:02:44.412] [DEBUG] cheese - null
[2020-11-17T00:02:44.412] [DEBUG] cheese - null
[2020-11-17T00:03:45.449] [DEBUG] cheese - login => username:admin,password:123456
[2020-11-17T00:03:45.449] [DEBUG] cheese - admin
[2020-11-17T00:03:45.451] [DEBUG] cheese - null
[2020-11-17T00:03:45.451] [DEBUG] cheese - null
[2020-11-17T00:05:39.806] [DEBUG] cheese - login => username:admin,password:123456
[2020-11-17T00:05:39.806] [DEBUG] cheese - admin
[2020-11-17T00:05:39.810] [DEBUG] cheese - null
[2020-11-17T00:05:39.810] [DEBUG] cheese - null
[2020-11-17T00:08:18.923] [DEBUG] cheese - login => username:admin,password:123456
[2020-11-17T00:08:18.925] [DEBUG] cheese - admin
[2020-11-17T00:08:18.927] [DEBUG] cheese - null
[2020-11-17T00:08:18.928] [DEBUG] cheese - null
[2020-11-17T00:12:28.851] [DEBUG] cheese - login => username:admin,password:123456
[2020-11-17T00:12:28.851] [DEBUG] cheese - admin
[2020-11-17T00:12:28.852] [DEBUG] cheese - null
[2020-11-17T00:12:28.852] [DEBUG] cheese - null
[2020-11-17T11:29:19.760] [DEBUG] cheese - login => username:admin,password:123456
[2020-11-17T11:29:19.762] [DEBUG] cheese - admin
[2020-11-17T11:29:19.799] [DEBUG] cheese - null
[2020-11-17T11:29:19.800] [DEBUG] cheese - null
[2020-11-17T11:36:50.481] [DEBUG] cheese - login => username:admin,password:123456
[2020-11-17T11:36:50.482] [DEBUG] cheese - admin
[2020-11-17T11:36:50.483] [DEBUG] cheese - null
[2020-11-17T11:36:50.483] [DEBUG] cheese - null
[2020-11-17T11:37:34.205] [DEBUG] cheese - login => username:admin,password:123456
[2020-11-17T11:37:34.205] [DEBUG] cheese - admin
[2020-11-17T11:37:34.206] [DEBUG] cheese - null
[2020-11-17T11:37:34.206] [DEBUG] cheese - null
[2020-11-17T11:38:47.289] [DEBUG] cheese - login => username:admin,password:123456
[2020-11-17T11:38:47.289] [DEBUG] cheese - admin
[2020-11-17T11:38:47.290] [DEBUG] cheese - null
[2020-11-17T11:38:47.291] [DEBUG] cheese - null
[2020-11-17T11:38:52.892] [DEBUG] cheese - login => username:admin,password:123456
[2020-11-17T11:38:52.892] [DEBUG] cheese - admin
[2020-11-17T11:38:52.893] [DEBUG] cheese - null
[2020-11-17T11:38:52.893] [DEBUG] cheese - null
[2020-11-17T13:54:01.422] [DEBUG] cheese - login => username:admin,password:123456
[2020-11-17T13:54:01.423] [DEBUG] cheese - admin
[2020-11-17T13:54:01.424] [DEBUG] cheese - null
[2020-11-17T13:54:01.424] [DEBUG] cheese - null
[2020-11-17T14:15:53.442] [DEBUG] cheese - login => username:admin,password:123456
[2020-11-17T14:15:53.443] [DEBUG] cheese - admin
[2020-11-17T14:15:53.447] [DEBUG] cheese - null
[2020-11-17T14:15:53.447] [DEBUG] cheese - null
[2020-11-17T14:17:44.843] [DEBUG] cheese - login => username:admin,password:123456
[2020-11-17T14:17:44.845] [DEBUG] cheese - admin
[2020-11-17T14:17:44.850] [DEBUG] cheese - null
[2020-11-17T14:17:44.850] [DEBUG] cheese - null
[2020-11-17T15:12:33.195] [DEBUG] cheese - login => username:admin,password:123456
[2020-11-17T15:12:33.197] [DEBUG] cheese - admin
[2020-11-17T15:12:33.202] [DEBUG] cheese - null
[2020-11-17T15:12:33.202] [DEBUG] cheese - null
[2020-11-17T15:13:06.706] [DEBUG] cheese - login => username:admin,password:123456
[2020-11-17T15:13:06.707] [DEBUG] cheese - admin
[2020-11-17T15:13:06.711] [DEBUG] cheese - null
[2020-11-17T15:13:06.712] [DEBUG] cheese - null
[2020-11-17T15:14:10.470] [DEBUG] cheese - login => username:admin,password:123456
[2020-11-17T15:14:10.470] [DEBUG] cheese - admin
[2020-11-17T15:14:10.472] [DEBUG] cheese - null
[2020-11-17T15:14:10.472] [DEBUG] cheese - null
[2020-11-17T15:14:56.901] [DEBUG] cheese - login => username:admin,password:123456
[2020-11-17T15:14:56.901] [DEBUG] cheese - admin
[2020-11-17T15:14:56.903] [DEBUG] cheese - null
[2020-11-17T15:14:56.903] [DEBUG] cheese - null
[2020-11-17T15:15:01.648] [DEBUG] cheese - login => username:admin,password:123456
[2020-11-17T15:15:01.648] [DEBUG] cheese - admin
[2020-11-17T15:15:01.650] [DEBUG] cheese - null
[2020-11-17T15:15:01.650] [DEBUG] cheese - null
[2020-11-17T15:18:41.819] [DEBUG] cheese - login => username:admin,password:123456
[2020-11-17T15:18:41.819] [DEBUG] cheese - admin
[2020-11-17T15:18:41.820] [DEBUG] cheese - null
[2020-11-17T15:18:41.820] [DEBUG] cheese - null
[2020-11-17T15:19:30.873] [DEBUG] cheese - login => username:admin,password:123456
[2020-11-17T15:19:30.873] [DEBUG] cheese - admin
[2020-11-17T15:19:30.875] [DEBUG] cheese - null
[2020-11-17T15:19:30.876] [DEBUG] cheese - null
[2020-11-17T15:24:22.103] [DEBUG] cheese - login => username:admin,password:123456
[2020-11-17T15:24:22.103] [DEBUG] cheese - admin
[2020-11-17T15:24:22.105] [DEBUG] cheese - null
[2020-11-17T15:24:22.105] [DEBUG] cheese - null
[2020-11-17T15:24:59.705] [DEBUG] cheese - login => username:admin,password:123456
[2020-11-17T15:24:59.706] [DEBUG] cheese - admin
[2020-11-17T15:24:59.707] [DEBUG] cheese - null
[2020-11-17T15:24:59.707] [DEBUG] cheese - null
[2020-11-17T15:25:27.775] [DEBUG] cheese - login => username:admin,password:123456
[2020-11-17T15:25:27.775] [DEBUG] cheese - admin
[2020-11-17T15:25:27.777] [DEBUG] cheese - null
[2020-11-17T15:25:27.777] [DEBUG] cheese - null
[2020-11-17T15:26:46.455] [DEBUG] cheese - login => username:admin,password:123456
[2020-11-17T15:26:46.456] [DEBUG] cheese - admin
[2020-11-17T15:26:46.457] [DEBUG] cheese - null
[2020-11-17T15:26:46.457] [DEBUG] cheese - null
[2020-11-17T15:31:53.888] [DEBUG] cheese - login => username:admin,password:123456
[2020-11-17T15:31:53.888] [DEBUG] cheese - admin
[2020-11-17T15:31:53.890] [DEBUG] cheese - null
[2020-11-17T15:31:53.890] [DEBUG] cheese - null
[2020-11-17T15:42:59.567] [DEBUG] cheese - login => username:admin,password:123456
[2020-11-17T15:42:59.568] [DEBUG] cheese - admin
[2020-11-17T15:42:59.574] [DEBUG] cheese - null
[2020-11-17T15:42:59.574] [DEBUG] cheese - null
[2020-11-17T15:46:04.097] [DEBUG] cheese - login => username:admin,password:123456
[2020-11-17T15:46:04.098] [DEBUG] cheese - admin
[2020-11-17T15:46:04.100] [DEBUG] cheese - null
[2020-11-17T15:46:04.100] [DEBUG] cheese - null
[2020-11-17T15:48:06.798] [DEBUG] cheese - login => username:admin,password:123456
[2020-11-17T15:48:06.798] [DEBUG] cheese - admin
[2020-11-17T15:48:06.800] [DEBUG] cheese - null
[2020-11-17T15:48:06.800] [DEBUG] cheese - null
[2020-11-17T15:56:44.066] [DEBUG] cheese - login => username:alice,password:123456
[2020-11-17T15:56:44.066] [DEBUG] cheese - alice
[2020-11-17T15:56:44.068] [DEBUG] cheese - null
[2020-11-17T15:56:44.069] [DEBUG] cheese - null
[2020-11-17T15:56:51.668] [DEBUG] cheese - null
[2020-11-17T15:56:51.671] [DEBUG] cheese - null
[2020-11-17T15:56:55.202] [DEBUG] cheese - null
[2020-11-17T15:56:58.904] [DEBUG] cheese - null
[2020-11-17T15:56:58.905] [DEBUG] cheese - null
[2020-11-17T15:57:01.088] [DEBUG] cheese - null
[2020-11-17T15:57:09.383] [DEBUG] cheese - login => username:admin,password:123456
[2020-11-17T15:57:09.383] [DEBUG] cheese - admin
[2020-11-17T15:57:09.384] [DEBUG] cheese - null
[2020-11-17T15:57:09.384] [DEBUG] cheese - null
[2020-11-17T17:09:07.702] [DEBUG] cheese - login => username:admin,password:123456
[2020-11-17T17:09:07.703] [DEBUG] cheese - admin
[2020-11-17T17:09:07.711] [DEBUG] cheese - null
[2020-11-17T17:09:07.712] [DEBUG] cheese - null
[2020-11-17T17:11:51.615] [DEBUG] cheese - login => username:admin,password:123456
[2020-11-17T17:11:51.616] [DEBUG] cheese - admin
[2020-11-17T17:11:51.624] [DEBUG] cheese - null
[2020-11-17T17:11:51.624] [DEBUG] cheese - null
[2020-11-17T17:18:54.616] [DEBUG] cheese - login => username:admin,password:123456
[2020-11-17T17:18:54.617] [DEBUG] cheese - admin
[2020-11-17T17:18:54.626] [DEBUG] cheese - null
[2020-11-17T17:18:54.626] [DEBUG] cheese - null
[2020-11-17T17:25:16.612] [DEBUG] cheese - login => username:admin,password:123456
[2020-11-17T17:25:16.614] [DEBUG] cheese - admin
[2020-11-17T17:25:16.616] [DEBUG] cheese - null
[2020-11-17T17:25:16.617] [DEBUG] cheese - null
[2020-11-17T21:14:45.843] [DEBUG] cheese - login => username:admin,password:123456
[2020-11-17T21:14:45.845] [DEBUG] cheese - admin
[2020-11-17T21:14:45.847] [DEBUG] cheese - null
[2020-11-17T21:14:45.848] [DEBUG] cheese - null
[2020-11-17T21:14:57.574] [DEBUG] cheese - login => username:admin,password:123456
[2020-11-17T21:14:57.574] [DEBUG] cheese - admin
[2020-11-17T21:14:57.576] [DEBUG] cheese - null
[2020-11-17T21:14:57.576] [DEBUG] cheese - null
[2020-11-17T22:22:57.997] [DEBUG] cheese - login => username:admin,password:123456
[2020-11-17T22:22:57.998] [DEBUG] cheese - admin
[2020-11-17T22:22:58.006] [DEBUG] cheese - null
[2020-11-17T22:22:58.006] [DEBUG] cheese - null
[2020-11-18T10:37:54.434] [DEBUG] cheese - login => username:admin,password:123456
[2020-11-18T10:37:54.436] [DEBUG] cheese - admin
[2020-11-18T10:37:54.440] [DEBUG] cheese - null
[2020-11-18T10:37:54.440] [DEBUG] cheese - null
[2020-11-18T10:49:19.810] [DEBUG] cheese - login => username:admin,password:123456
[2020-11-18T10:49:19.810] [DEBUG] cheese - admin
[2020-11-18T10:49:19.812] [DEBUG] cheese - null
[2020-11-18T10:49:19.813] [DEBUG] cheese - null
[2020-11-18T11:58:17.890] [DEBUG] cheese - login => username:admin,password:123456
[2020-11-18T11:58:17.890] [DEBUG] cheese - admin
[2020-11-18T11:58:17.893] [DEBUG] cheese - null
[2020-11-18T11:58:17.893] [DEBUG] cheese - null
[2020-11-18T11:58:52.354] [DEBUG] cheese - login => username:admin,password:123456
[2020-11-18T11:58:52.354] [DEBUG] cheese - admin
[2020-11-18T11:58:52.356] [DEBUG] cheese - null
[2020-11-18T11:58:52.356] [DEBUG] cheese - null
[2020-11-18T15:22:01.717] [DEBUG] cheese - login => username:admin,password:123456
[2020-11-18T15:22:01.719] [DEBUG] cheese - admin
[2020-11-18T15:22:01.725] [DEBUG] cheese - null
[2020-11-18T15:22:01.726] [DEBUG] cheese - null
[2020-11-18T23:22:56.312] [DEBUG] cheese - login => username:admin,password:123456
[2020-11-18T23:22:56.313] [DEBUG] cheese - admin
[2020-11-18T23:22:56.315] [DEBUG] cheese - null
[2020-11-18T23:22:56.316] [DEBUG] cheese - null
[2020-11-19T01:05:29.108] [DEBUG] cheese - login => username:admin,password:123456
[2020-11-19T01:05:29.110] [DEBUG] cheese - admin
[2020-11-19T01:05:29.112] [DEBUG] cheese - null
[2020-11-19T01:05:29.112] [DEBUG] cheese - null
[2020-11-19T01:17:35.883] [DEBUG] cheese - login => username:admin,password:123456
[2020-11-19T01:17:35.884] [DEBUG] cheese - admin
[2020-11-19T01:17:35.895] [DEBUG] cheese - null
[2020-11-19T01:17:35.895] [DEBUG] cheese - null
[2020-11-19T01:17:50.606] [DEBUG] cheese - login => username:admin,password:123456
[2020-11-19T01:17:50.606] [DEBUG] cheese - admin
[2020-11-19T01:17:50.609] [DEBUG] cheese - null
[2020-11-19T01:17:50.610] [DEBUG] cheese - null
[2020-11-19T01:18:01.963] [DEBUG] cheese - login => username:admin,password:123456
[2020-11-19T01:18:01.963] [DEBUG] cheese - admin
[2020-11-19T01:18:01.965] [DEBUG] cheese - null
[2020-11-19T01:18:01.965] [DEBUG] cheese - null
[2020-11-19T01:18:03.119] [DEBUG] cheese - login => username:admin,password:123456
[2020-11-19T01:18:03.119] [DEBUG] cheese - admin
[2020-11-19T01:18:03.121] [DEBUG] cheese - null
[2020-11-19T01:18:03.121] [DEBUG] cheese - null
[2020-11-19T01:18:03.990] [DEBUG] cheese - login => username:admin,password:123456
[2020-11-19T01:18:03.990] [DEBUG] cheese - admin
[2020-11-19T01:18:03.992] [DEBUG] cheese - null
[2020-11-19T01:18:03.992] [DEBUG] cheese - null
[2020-11-19T01:18:13.542] [DEBUG] cheese - login => username:admin,password:123456
[2020-11-19T01:18:13.542] [DEBUG] cheese - admin
[2020-11-19T01:18:13.545] [DEBUG] cheese - null
[2020-11-19T01:18:13.545] [DEBUG] cheese - null
[2020-11-19T01:18:34.589] [DEBUG] cheese - login => username:admin,password:123456
[2020-11-19T01:18:34.589] [DEBUG] cheese - admin
[2020-11-19T01:18:34.592] [DEBUG] cheese - null
[2020-11-19T01:18:34.592] [DEBUG] cheese - null
[2020-11-19T01:18:35.558] [DEBUG] cheese - login => username:admin,password:123456
[2020-11-19T01:18:35.558] [DEBUG] cheese - admin
[2020-11-19T01:18:35.561] [DEBUG] cheese - null
[2020-11-19T01:18:35.561] [DEBUG] cheese - null
[2020-11-19T01:20:05.848] [DEBUG] cheese - login => username:admin,password:123456
[2020-11-19T01:20:05.848] [DEBUG] cheese - admin
[2020-11-19T01:20:05.849] [DEBUG] cheese - null
[2020-11-19T01:20:05.849] [DEBUG] cheese - null
[2020-11-19T01:20:17.806] [DEBUG] cheese - login => username:admin,password:123456
[2020-11-19T01:20:17.806] [DEBUG] cheese - admin
[2020-11-19T01:20:17.808] [DEBUG] cheese - null
[2020-11-19T01:20:17.808] [DEBUG] cheese - null
[2020-11-19T01:20:39.832] [DEBUG] cheese - login => username:admin,password:123456
[2020-11-19T01:20:39.832] [DEBUG] cheese - admin
[2020-11-19T01:20:39.833] [DEBUG] cheese - null
[2020-11-19T01:20:39.833] [DEBUG] cheese - null
[2020-11-19T01:23:38.894] [DEBUG] cheese - login => username:admin,password:123456
[2020-11-19T01:23:38.895] [DEBUG] cheese - admin
[2020-11-19T01:23:38.903] [DEBUG] cheese - null
[2020-11-19T01:23:38.904] [DEBUG] cheese - null
[2020-11-25T09:42:46.183] [DEBUG] cheese - login => username:admin,password:123456
[2020-11-25T09:42:46.185] [DEBUG] cheese - admin
[2020-11-25T09:42:46.232] [DEBUG] cheese - null
[2020-11-25T09:42:46.233] [DEBUG] cheese - null
[2020-11-25T16:30:50.899] [DEBUG] cheese - login => username:admin,password:123456
[2020-11-25T16:30:50.902] [DEBUG] cheese - admin
[2020-11-25T16:30:50.913] [DEBUG] cheese - null
[2020-11-25T16:30:50.913] [DEBUG] cheese - null
[2020-11-26T22:37:45.071] [DEBUG] cheese - login => username:admin,password:123456
[2020-11-26T22:37:45.073] [DEBUG] cheese - admin
[2020-11-26T22:37:45.079] [DEBUG] cheese - null
[2020-11-26T22:37:45.079] [DEBUG] cheese - null
[2020-11-26T23:05:44.342] [DEBUG] cheese - login => username:admin,password:123456
[2020-11-26T23:05:44.345] [DEBUG] cheese - admin
[2020-11-26T23:05:44.348] [DEBUG] cheese - null
[2020-11-26T23:05:44.348] [DEBUG] cheese - null
[2020-11-26T23:58:29.813] [DEBUG] cheese - login => username:admin,password:123456
[2020-11-26T23:58:29.815] [DEBUG] cheese - admin
[2020-11-26T23:58:29.817] [DEBUG] cheese - null
[2020-11-26T23:58:29.817] [DEBUG] cheese - null
